Removed world/DIM-1/data/raids.dat: not used
Removed world/DIM-1/entities/r.-1.-2.mca: 0 size
Removed world/DIM-1/entities/r.-3.-4.mca: 0 size
Removed world/DIM-1/entities/r.2.-4.mca: 0 size
Removed world/DIM-1/entities/r.3.-1.mca: 0 size
Removed world/DIM-1/poi/r.-1.-2.mca: 0 size
Removed world/DIM-1/poi/r.-1.-3.mca: 0 size
Removed world/DIM-1/poi/r.-1.-4.mca: 0 size
Removed world/DIM-1/poi/r.-1.-5.mca: 0 size
Removed world/DIM-1/poi/r.-1.-6.mca: 0 size
Removed world/DIM-1/poi/r.-1.-7.mca: 0 size
Removed world/DIM-1/poi/r.-1.1.mca: 0 size
Removed world/DIM-1/poi/r.-1.2.mca: 0 size
Removed world/DIM-1/poi/r.-1.3.mca: 0 size
Removed world/DIM-1/poi/r.-2.-1.mca: 0 size
Removed world/DIM-1/poi/r.-2.-2.mca: 0 size
Removed world/DIM-1/poi/r.-2.-3.mca: 0 size
Removed world/DIM-1/poi/r.-2.-4.mca: 0 size
Removed world/DIM-1/poi/r.-2.-5.mca: 0 size
Removed world/DIM-1/poi/r.-2.-6.mca: 0 size
Removed world/DIM-1/poi/r.-2.-7.mca: 0 size
Removed world/DIM-1/poi/r.-2.0.mca: 0 size
Removed world/DIM-1/poi/r.-2.1.mca: 0 size
Removed world/DIM-1/poi/r.-2.2.mca: 0 size
Removed world/DIM-1/poi/r.-2.3.mca: 0 size
Removed world/DIM-1/poi/r.-2.4.mca: 0 size
Removed world/DIM-1/poi/r.-3.-1.mca: 0 size
Removed world/DIM-1/poi/r.-3.-4.mca: 0 size
Removed world/DIM-1/poi/r.-3.-5.mca: 0 size
Removed world/DIM-1/poi/r.-3.-6.mca: 0 size
Removed world/DIM-1/poi/r.-3.-7.mca: 0 size
Removed world/DIM-1/poi/r.-3.0.mca: 0 size
Removed world/DIM-1/poi/r.-3.1.mca: 0 size
Removed world/DIM-1/poi/r.-3.2.mca: 0 size
Removed world/DIM-1/poi/r.-3.3.mca: 0 size
Removed world/DIM-1/poi/r.-3.4.mca: 0 size
Removed world/DIM-1/poi/r.-4.2.mca: 0 size
Removed world/DIM-1/poi/r.-4.3.mca: 0 size
Removed world/DIM-1/poi/r.-4.4.mca: 0 size
Removed world/DIM-1/poi/r.0.-1.mca: 0 size
Removed world/DIM-1/poi/r.0.-2.mca: 0 size
Removed world/DIM-1/poi/r.0.-3.mca: 0 size
Removed world/DIM-1/poi/r.0.-4.mca: 0 size
Removed world/DIM-1/poi/r.0.-5.mca: 0 size
Removed world/DIM-1/poi/r.0.-6.mca: 0 size
Removed world/DIM-1/poi/r.0.-7.mca: 0 size
Removed world/DIM-1/poi/r.0.0.mca: 0 size
Removed world/DIM-1/poi/r.0.1.mca: 0 size
Removed world/DIM-1/poi/r.0.2.mca: 0 size
Removed world/DIM-1/poi/r.1.-1.mca: 0 size
Removed world/DIM-1/poi/r.1.-2.mca: 0 size
Removed world/DIM-1/poi/r.1.-3.mca: 0 size
Removed world/DIM-1/poi/r.1.-4.mca: 0 size
Removed world/DIM-1/poi/r.1.-5.mca: 0 size
Removed world/DIM-1/poi/r.1.-6.mca: 0 size
Removed world/DIM-1/poi/r.1.0.mca: 0 size
Removed world/DIM-1/poi/r.1.1.mca: 0 size
Removed world/DIM-1/poi/r.1.2.mca: 0 size
Removed world/DIM-1/poi/r.2.-1.mca: 0 size
Removed world/DIM-1/poi/r.2.-2.mca: 0 size
Removed world/DIM-1/poi/r.2.-3.mca: 0 size
Removed world/DIM-1/poi/r.2.-4.mca: 0 size
Removed world/DIM-1/poi/r.2.-5.mca: 0 size
Removed world/DIM-1/poi/r.2.-6.mca: 0 size
Removed world/DIM-1/poi/r.2.0.mca: 0 size
Removed world/DIM-1/poi/r.3.-1.mca: 0 size
Removed world/DIM-1/poi/r.3.-2.mca: 0 size
Removed world/DIM-1/poi/r.3.0.mca: 0 size
Removed world/DIM1/poi/r.-1.-2.mca: 0 size
Removed world/DIM1/poi/r.-1.0.mca: 0 size
Removed world/DIM1/poi/r.-1.1.mca: 0 size
Removed world/DIM1/poi/r.-2.-1.mca: 0 size
Removed world/DIM1/poi/r.-2.-2.mca: 0 size
Removed world/DIM1/poi/r.0.-2.mca: 0 size
Removed world/DIM1/poi/r.0.0.mca: 0 size
Removed world/DIM1/poi/r.0.1.mca: 0 size
Removed world/DIM1/poi/r.1.-1.mca: 0 size
Removed world/DIM1/poi/r.1.0.mca: 0 size
Removed world/gc-logs/gc-20250329_1449.log: not used
Removed world/gc-logs/gc-20250329_1705.log: not used
Removed world/gc-logs/gc-20250330_2029.log: not used
Removed world/playerdata/a56b197e-ec15-460b-b40a-2edb0cb23bb4.dat_old: not used
Removed world/playerdata/b39323dc-75c6-4bba-a93b-87d6b30d0b10.dat_old: not used
Removed world/poi/r.-8.-5.mca: 0 size
Removed world/poi/r.-8.-6.mca: 0 size
Removed world/poi/r.-8.-7.mca: 0 size
Removed world/poi/r.0.0.mca: 0 size
Removed world/poi/r.10.-4.mca: 0 size
Validated 411 files, 323 accepted, 88 rejected.
